mode: atomic
geos-go/geom/coordinateseq.go:14.63,18.16 2 6
geos-go/geom/coordinateseq.go:22.2,24.8 1 6
geos-go/geom/coordinateseq.go:18.16,20.3 1 0
geos-go/geom/coordinateseq.go:28.52,30.2 1 5
geos-go/geom/coordinateseq.go:33.52,35.2 1 5
geos-go/geom/coordinateseq.go:38.52,40.2 1 3
geos-go/geom/coordinateseq.go:43.49,48.14 3 1
geos-go/geom/coordinateseq.go:52.2,52.21 1 1
geos-go/geom/coordinateseq.go:48.14,50.3 1 0
geos-go/geom/coordinateseq.go:56.49,61.14 3 1
geos-go/geom/coordinateseq.go:65.2,65.21 1 1
geos-go/geom/coordinateseq.go:61.14,63.3 1 0
geos-go/geom/coordinateseq.go:69.49,74.14 3 1
geos-go/geom/coordinateseq.go:78.2,78.21 1 1
geos-go/geom/coordinateseq.go:74.14,76.3 1 0
geos-go/geom/coordinateseq.go:82.41,87.14 3 1
geos-go/geom/coordinateseq.go:91.2,91.19 1 1
geos-go/geom/coordinateseq.go:87.14,89.3 1 0
geos-go/geom/coordinateseq.go:95.36,97.2 1 4
geos-go/geom/geom.go:30.48,34.2 1 58
geos-go/geom/geom.go:37.46,46.2 4 2
geos-go/geom/geom.go:49.32,57.2 4 54
geos-go/geom/geom.go:60.31,67.2 4 9
geos-go/geom/geom.go:70.83,72.2 1 1
geos-go/geom/geom.go:75.34,77.2 1 1
geos-go/geom/geom.go:80.30,85.2 2 1
geos-go/geom/geom.go:88.38,94.2 2 1
geos-go/geom/geom.go:97.70,103.2 2 2
geos-go/geom/geom.go:106.124,112.2 2 1
geos-go/geom/geom.go:115.67,118.2 2 1
geos-go/geom/geom.go:121.26,123.2 1 42
geos-go/geom/geom.go:126.44,132.2 2 1
geos-go/geom/geom.go:138.60,144.2 2 1
geos-go/geom/geom.go:147.26,153.2 2 1
geos-go/geom/geom.go:156.38,160.2 2 1
geos-go/geom/geom.go:163.45,166.2 2 1
geos-go/geom/geom.go:169.51,172.2 2 1
geos-go/geom/geom.go:179.50,182.2 2 2
geos-go/geom/geom.go:185.48,188.2 2 2
geos-go/geom/geom.go:191.47,194.2 2 2
geos-go/geom/geom.go:197.49,200.2 2 2
geos-go/geom/geom.go:203.49,206.2 2 2
geos-go/geom/geom.go:216.47,219.2 2 2
geos-go/geom/geom.go:223.71,226.2 2 1
geos-go/geom/geom.go:244.47,247.2 2 2
geos-go/geom/geom.go:262.50,265.2 2 2
geos-go/geom/geom.go:268.48,271.2 2 2
geos-go/geom/geom.go:274.49,278.28 2 5
geos-go/geom/geom.go:282.2,282.28 1 5
geos-go/geom/geom.go:278.28,280.3 1 0
geos-go/geom/geom.go:287.40,292.22 3 1
geos-go/geom/geom.go:296.2,296.27 1 1
geos-go/geom/geom.go:292.22,294.3 1 0
geos-go/geom/geom.go:300.42,305.22 3 1
geos-go/geom/geom.go:309.2,309.26 1 1
geos-go/geom/geom.go:305.22,307.3 1 0
geos-go/geom/geom.go:313.52,318.22 3 1
geos-go/geom/geom.go:322.2,322.27 1 1
geos-go/geom/geom.go:318.22,320.3 1 0
geos-go/geom/geom.go:329.41,333.16 2 2
geos-go/geom/geom.go:337.2,337.25 1 1
geos-go/geom/geom.go:333.16,335.3 1 1
geos-go/geom/geos.go:19.13,21.2 1 1
geos-go/geom/geos.go:24.23,26.2 1 0
geos-go/geom/geos.go:29.23,32.2 2 1
geos-go/geom/geos.go:35.48,38.21 1 20
geos-go/geom/geos.go:39.9,40.20 1 9
geos-go/geom/geos.go:41.9,42.19 1 11
geos-go/geom/geos.go:43.10,44.38 1 0
geos-go/geom/lwgeom.go:20.45,27.2 2 4
geos-go/geom/lwgeom.go:29.55,35.2 2 0
geos-go/geom/lwgeom.go:37.27,39.2 1 4
geos-go/geom/lwgeom.go:41.71,46.2 2 2
geos-go/geom/lwgeom.go:48.60,55.2 3 1
geos-go/geom/lwgeom.go:57.38,59.2 1 0
geos-go/geom/lwgeom.go:61.34,63.2 1 0
geos-go/geom/lwgeom.go:65.45,69.2 3 1
geos-go/geom/wkt.go:20.44,26.2 4 54
geos-go/geom/wkt.go:28.43,40.2 5 9
geos-go/geom/wkt.go:42.35,45.14 2 54
geos-go/geom/wkt.go:49.2,56.10 2 54
geos-go/geom/wkt.go:45.14,47.3 1 0
geos-go/geom/wkt.go:60.31,62.2 1 54
geos-go/geom/wkt.go:64.35,66.14 2 9
geos-go/geom/wkt.go:70.2,77.10 2 9
geos-go/geom/wkt.go:66.14,68.3 1 0
geos-go/geom/wkt.go:81.31,83.2 1 9
geos-go/geom/bufferparams.go:14.50,21.2 2 2
geos-go/geom/bufferparams.go:24.35,26.2 1 2
geos-go/geom/bufferparams.go:36.56,38.2 1 1
geos-go/geom/bufferparams.go:44.55,46.2 1 1
geos-go/geom/bufferparams.go:49.54,51.2 1 1
geos-go/geom/bufferparams.go:54.59,56.2 1 1
geos-go/geom/bufferparams.go:59.42,61.2 1 1
